#
# A fatal error has been detected by the Java Runtime Environment:
#
#  EXCEPTION_ACCESS_VIOLATION (0xc0000005) at pc=0x000000000338b0c7, pid=1252, tid=0x0000000000000de4
#
# JRE version: Java(TM) SE Runtime Environment (8.0_111-b14) (build 1.8.0_111-b14)
# Java VM: Java HotSpot(TM) 64-Bit Server VM (25.111-b14 mixed mode windows-amd64 compressed oops)
# Problematic frame:
# J 3763 C1 com.sun.org.apache.xerces.internal.impl.XMLEntityScanner.scanContent(Lcom/sun/org/apache/xerces/internal/xni/XMLString;)I (690 bytes) @ 0x000000000338b0c7 [0x000000000338a680+0xa47]
#
# Failed to write core dump. Minidumps are not enabled by default on client versions of Windows
#
# If you would like to submit a bug report, please visit:
#   http://bugreport.java.com/bugreport/crash.jsp
#

---------------  T H R E A D  ---------------

Current thread (0x00000000023e8000):  JavaThread "main" [_thread_in_Java, id=3556, stack(0x00000000026f0000,0x00000000027f0000)]

siginfo: ExceptionCode=0xc0000005, reading address 0x00000000000009b8

Registers:
RAX=0x0000000000000324, RBX=0x00000000d8cf4b90, RCX=0x0000000000000500, RDX=0x00000000d8cee4d8
RSP=0x00000000027ed960, RBP=0x000000005d98a208, RSI=0x0000000000000323, RDI=0x0000000000000323
R8 =0x0000000000000001, R9 =0x0000000000000000, R10=0x0000000000002000, R11=0x00000000000004b8
R12=0x0000000000000000, R13=0x00000000027edb90, R14=0x0000000000000000, R15=0x00000000023e8000
RIP=0x000000000338b0c7, EFLAGS=0x0000000000010297

Top of Stack: (sp=0x00000000027ed960)
0x00000000027ed960:   00000000027ed980 00000000027edb20
0x00000000027ed970:   00000000033782ec 00000000d8cf5900
0x00000000027ed980:   00000000027eda60 000000000332c41c
0x00000000027ed990:   0000000000000000 000000005d8eb088
0x00000000027ed9a0:   0000000000000000 00000000d8cee4d8
0x00000000027ed9b0:   00000000d8cf5d30 0000000000000001
0x00000000027ed9c0:   0000000000000002 00000000d8cee4d8
0x00000000027ed9d0:   000000000000003e 00000000d83e2388
0x00000000027ed9e0:   00000000027edbd8 0000000003373fac
0x00000000027ed9f0:   00000000027eda60 00000000027f7b10
0x00000000027eda00:   00000000027f7b10 00000000d83e2388
0x00000000027eda10:   000000000000003e 00000000d8cee4d8
0x00000000027eda20:   00000000027eda20 000000005d9006e6
0x00000000027eda30:   00000000027eda80 00000000d8cf5900
0x00000000027eda40:   00000000027edb20 000000000332c41c
0x00000000027eda50:   0000000000000000 00000000027eda78 

Instructions: (pc=0x000000000338b0c7)
0x000000000338b0a7:   98 5d 00 00 00 00 49 bb a8 04 00 00 00 00 00 00
0x000000000338b0b7:   0f 8d 0a 00 00 00 49 bb b8 04 00 00 00 00 00 00
0x000000000338b0c7:   4e 8b 2c 19 4d 8d 6d 01 4e 89 2c 19 0f 8c 5f ff
0x000000000338b0d7:   ff ff 48 8b c8 2b ce 8b 7b 1c ff cf 3b c7 48 bf 


Register to memory mapping:

RAX=0x0000000000000324 is an unknown value
RBX=0x00000000d8cf4b90 is an oop
com.sun.xml.internal.stream.Entity$ScannedEntity 
 - klass: 'com/sun/xml/internal/stream/Entity$ScannedEntity'
RCX=0x0000000000000500 is an unknown value
RDX=0x00000000d8cee4d8 is an oop
com.sun.org.apache.xerces.internal.impl.XMLEntityScanner 
 - klass: 'com/sun/org/apache/xerces/internal/impl/XMLEntityScanner'
RSP=0x00000000027ed960 is pointing into the stack for thread: 0x00000000023e8000
RBP=0x000000005d98a208 is pointing into metadata
RSI=0x0000000000000323 is an unknown value
RDI=0x0000000000000323 is an unknown value
R8 =0x0000000000000001 is an unknown value
R9 =0x0000000000000000 is an unknown value
R10=0x0000000000002000 is an unknown value
R11=0x00000000000004b8 is an unknown value
R12=0x0000000000000000 is an unknown value
R13=0x00000000027edb90 is pointing into the stack for thread: 0x00000000023e8000
R14=0x0000000000000000 is an unknown value
R15=0x00000000023e8000 is a thread


Stack: [0x00000000026f0000,0x00000000027f0000],  sp=0x00000000027ed960,  free space=1014k
Native frames: (J=compiled Java code, j=interpreted, Vv=VM code, C=native code)
C  0x000000000338b0c7


---------------  P R O C E S S  ---------------

Java Threads: ( => current thread )
  0x00000000586c9800 JavaThread "Service Thread" daemon [_thread_blocked, id=5600, stack(0x0000000058f60000,0x0000000059060000)]
  0x000000005864b800 JavaThread "C1 CompilerThread2" daemon [_thread_blocked, id=6184, stack(0x0000000059260000,0x0000000059360000)]
  0x000000005864a800 JavaThread "C2 CompilerThread1" daemon [_thread_in_native, id=6140, stack(0x0000000058080000,0x0000000058180000)]
  0x000000005863b000 JavaThread "C2 CompilerThread0" daemon [_thread_blocked, id=6204, stack(0x0000000058e50000,0x0000000058f50000)]
  0x0000000058638800 JavaThread "Attach Listener" daemon [_thread_blocked, id=6512, stack(0x0000000058a80000,0x0000000058b80000)]
  0x0000000057080800 JavaThread "Signal Dispatcher" daemon [_thread_blocked, id=6532, stack(0x0000000058be0000,0x0000000058ce0000)]
  0x000000005706c800 JavaThread "Finalizer" daemon [_thread_blocked, id=4876, stack(0x0000000058530000,0x0000000058630000)]
  0x0000000057025800 JavaThread "Reference Handler" daemon [_thread_blocked, id=6792, stack(0x0000000058320000,0x0000000058420000)]
=>0x00000000023e8000 JavaThread "main" [_thread_in_Java, id=3556, stack(0x00000000026f0000,0x00000000027f0000)]

Other Threads:
  0x000000005701e800 VMThread [stack: 0x0000000058180000,0x0000000058280000] [id=6544]
  0x000000005870e000 WatcherThread [stack: 0x0000000058d20000,0x0000000058e20000] [id=5596]

VM state:not at safepoint (normal execution)

VM Mutex/Monitor currently owned by a thread: None

Heap:
 PSYoungGen      total 71168K, used 9757K [0x00000000d8380000, 0x00000000e1080000, 0x0000000100000000)
  eden space 61440K, 15% used [0x00000000d8380000,0x00000000d8d075d8,0x00000000dbf80000)
  from space 9728K, 0% used [0x00000000dbf80000,0x00000000dbf80000,0x00000000dc900000)
  to   space 10752K, 0% used [0x00000000e0600000,0x00000000e0600000,0x00000000e1080000)
 ParOldGen       total 61440K, used 14014K [0x0000000088a00000, 0x000000008c600000, 0x00000000d8380000)
  object space 61440K, 22% used [0x0000000088a00000,0x00000000897af908,0x000000008c600000)
 Metaspace       used 22211K, capacity 22874K, committed 22960K, reserved 1069056K
  class space    used 2591K, capacity 2747K, committed 2816K, reserved 1048576K

Card table byte_map: [0x0000000011bb0000,0x0000000011f70000] byte_map_base: 0x000000001176b000

Marking Bits: (ParMarkBitMap*) 0x000000006183a6c0
 Begin Bits: [0x0000000012720000, 0x00000000144f8000)
 End Bits:   [0x00000000144f8000, 0x00000000162d0000)

Polling page: 0x0000000000130000

CodeCache: size=245760Kb used=12332Kb max_used=12343Kb free=233427Kb
 bounds [0x00000000027f0000, 0x0000000003410000, 0x00000000117f0000]
 total_blobs=3859 nmethods=3480 adapters=292
 compilation: enabled

Compilation events (10 events):
Event: 20.517 Thread 0x000000005864b800 nmethod 3862 0x0000000003405d90 code [0x0000000003405ee0, 0x00000000034060d0]
Event: 20.517 Thread 0x000000005864b800 3861       3       com.sun.org.apache.xerces.internal.xni.QName::<init> (9 bytes)
Event: 20.518 Thread 0x000000005864b800 nmethod 3861 0x00000000034058d0 code [0x0000000003405a40, 0x0000000003405cb0]
Event: 20.518 Thread 0x000000005863b000 3849       4       java.lang.Character::toUpperCase (6 bytes)
Event: 20.522 Thread 0x000000005864b800 3863       3       com.sun.org.apache.xerces.internal.util.FeatureState::isExceptional (8 bytes)
Event: 20.522 Thread 0x000000005864b800 nmethod 3863 0x0000000003408e90 code [0x0000000003408fe0, 0x00000000034091d0]
Event: 20.523 Thread 0x000000005863b000 nmethod 3849 0x0000000003409290 code [0x00000000034094a0, 0x00000000034095f8]
Event: 20.523 Thread 0x000000005863b000 3841       4       java.lang.reflect.Modifier::isPublic (12 bytes)
Event: 20.523 Thread 0x000000005863b000 nmethod 3841 0x00000000028f2f90 code [0x00000000028f30c0, 0x00000000028f30f8]
Event: 20.524 Thread 0x000000005863b000 3864       4       com.sun.org.apache.xerces.internal.util.XMLChar::isInvalid (13 bytes)

GC Heap History (10 events):
Event: 8.305 GC heap before
{Heap before GC invocations=4 (full 0):
 PSYoungGen      total 35840K, used 35816K [0x00000000d8380000, 0x00000000dab80000, 0x0000000100000000)
  eden space 30720K, 100% used [0x00000000d8380000,0x00000000da180000,0x00000000da180000)
  from space 5120K, 99% used [0x00000000da180000,0x00000000da67a040,0x00000000da680000)
  to   space 5120K, 0% used [0x00000000da680000,0x00000000da680000,0x00000000dab80000)
 ParOldGen       total 81920K, used 3824K [0x0000000088a00000, 0x000000008da00000, 0x00000000d8380000)
  object space 81920K, 4% used [0x0000000088a00000,0x0000000088dbc3d0,0x000000008da00000)
 Metaspace       used 15184K, capacity 15570K, committed 15872K, reserved 1062912K
  class space    used 1860K, capacity 1953K, committed 2048K, reserved 1048576K
Event: 8.454 GC heap after
Heap after GC invocations=4 (full 0):
 PSYoungGen      total 35840K, used 5112K [0x00000000d8380000, 0x00000000dc980000, 0x0000000100000000)
  eden space 30720K, 0% used [0x00000000d8380000,0x00000000d8380000,0x00000000da180000)
  from space 5120K, 99% used [0x00000000da680000,0x00000000dab7e010,0x00000000dab80000)
  to   space 5120K, 0% used [0x00000000da180000,0x00000000da180000,0x00000000da680000)
 ParOldGen       total 81920K, used 6436K [0x0000000088a00000, 0x000000008da00000, 0x00000000d8380000)
  object space 81920K, 7% used [0x0000000088a00000,0x0000000089049030,0x000000008da00000)
 Metaspace       used 15184K, capacity 15570K, committed 15872K, reserved 1062912K
  class space    used 1860K, capacity 1953K, committed 2048K, reserved 1048576K
}
Event: 11.112 GC heap before
{Heap before GC invocations=5 (full 0):
 PSYoungGen      total 35840K, used 35832K [0x00000000d8380000, 0x00000000dc980000, 0x0000000100000000)
  eden space 30720K, 100% used [0x00000000d8380000,0x00000000da180000,0x00000000da180000)
  from space 5120K, 99% used [0x00000000da680000,0x00000000dab7e010,0x00000000dab80000)
  to   space 5120K, 0% used [0x00000000da180000,0x00000000da180000,0x00000000da680000)
 ParOldGen       total 81920K, used 6436K [0x0000000088a00000, 0x000000008da00000, 0x00000000d8380000)
  object space 81920K, 7% used [0x0000000088a00000,0x0000000089049030,0x000000008da00000)
 Metaspace       used 15636K, capacity 16062K, committed 16384K, reserved 1062912K
  class space    used 1884K, capacity 1993K, committed 2048K, reserved 1048576K
Event: 11.145 GC heap after
Heap after GC invocations=5 (full 0):
 PSYoungGen      total 35840K, used 5112K [0x00000000d8380000, 0x00000000dd280000, 0x0000000100000000)
  eden space 30720K, 0% used [0x00000000d8380000,0x00000000d8380000,0x00000000da180000)
  from space 5120K, 99% used [0x00000000da180000,0x00000000da67e050,0x00000000da680000)
  to   space 9728K, 0% used [0x00000000dc900000,0x00000000dc900000,0x00000000dd280000)
 ParOldGen       total 81920K, used 8922K [0x0000000088a00000, 0x000000008da00000, 0x00000000d8380000)
  object space 81920K, 10% used [0x0000000088a00000,0x00000000892b6aa8,0x000000008da00000)
 Metaspace       used 15636K, capacity 16062K, committed 16384K, reserved 1062912K
  class space    used 1884K, capacity 1993K, committed 2048K, reserved 1048576K
}
Event: 14.244 GC heap before
{Heap before GC invocations=6 (full 0):
 PSYoungGen      total 35840K, used 35832K [0x00000000d8380000, 0x00000000dd280000, 0x0000000100000000)
  eden space 30720K, 100% used [0x00000000d8380000,0x00000000da180000,0x00000000da180000)
  from space 5120K, 99% used [0x00000000da180000,0x00000000da67e050,0x00000000da680000)
  to   space 9728K, 0% used [0x00000000dc900000,0x00000000dc900000,0x00000000dd280000)
 ParOldGen       total 81920K, used 8922K [0x0000000088a00000, 0x000000008da00000, 0x00000000d8380000)
  object space 81920K, 10% used [0x0000000088a00000,0x00000000892b6aa8,0x000000008da00000)
 Metaspace       used 17141K, capacity 17646K, committed 17920K, reserved 1064960K
  class space    used 2062K, capacity 2201K, committed 2304K, reserved 1048576K
Event: 14.283 GC heap after
Heap after GC invocations=6 (full 0):
 PSYoungGen      total 71168K, used 7989K [0x00000000d8380000, 0x00000000dd280000, 0x0000000100000000)
  eden space 61440K, 0% used [0x00000000d8380000,0x00000000d8380000,0x00000000dbf80000)
  from space 9728K, 82% used [0x00000000dc900000,0x00000000dd0cd550,0x00000000dd280000)
  to   space 9728K, 0% used [0x00000000dbf80000,0x00000000dbf80000,0x00000000dc900000)
 ParOldGen       total 81920K, used 8930K [0x0000000088a00000, 0x000000008da00000, 0x00000000d8380000)
  object space 81920K, 10% used [0x0000000088a00000,0x00000000892b8aa8,0x000000008da00000)
 Metaspace       used 17141K, capacity 17646K, committed 17920K, reserved 1064960K
  class space    used 2062K, capacity 2201K, committed 2304K, reserved 1048576K
}
Event: 19.616 GC heap before
{Heap before GC invocations=7 (full 0):
 PSYoungGen      total 71168K, used 53319K [0x00000000d8380000, 0x00000000dd280000, 0x0000000100000000)
  eden space 61440K, 73% used [0x00000000d8380000,0x00000000dafc4750,0x00000000dbf80000)
  from space 9728K, 82% used [0x00000000dc900000,0x00000000dd0cd550,0x00000000dd280000)
  to   space 9728K, 0% used [0x00000000dbf80000,0x00000000dbf80000,0x00000000dc900000)
 ParOldGen       total 81920K, used 8930K [0x0000000088a00000, 0x000000008da00000, 0x00000000d8380000)
  object space 81920K, 10% used [0x0000000088a00000,0x00000000892b8aa8,0x000000008da00000)
 Metaspace       used 20477K, capacity 21058K, committed 21296K, reserved 1069056K
  class space    used 2408K, capacity 2567K, committed 2688K, reserved 1048576K
Event: 19.659 GC heap after
Heap after GC invocations=7 (full 0):
 PSYoungGen      total 71168K, used 9449K [0x00000000d8380000, 0x00000000e1080000, 0x0000000100000000)
  eden space 61440K, 0% used [0x00000000d8380000,0x00000000d8380000,0x00000000dbf80000)
  from space 9728K, 97% used [0x00000000dbf80000,0x00000000dc8ba760,0x00000000dc900000)
  to   space 10752K, 0% used [0x00000000e0600000,0x00000000e0600000,0x00000000e1080000)
 ParOldGen       total 81920K, used 10546K [0x0000000088a00000, 0x000000008da00000, 0x00000000d8380000)
  object space 81920K, 12% used [0x0000000088a00000,0x000000008944cb08,0x000000008da00000)
 Metaspace       used 20477K, capacity 21058K, committed 21296K, reserved 1069056K
  class space    used 2408K, capacity 2567K, committed 2688K, reserved 1048576K
}
Event: 19.659 GC heap before
{Heap before GC invocations=8 (full 1):
 PSYoungGen      total 71168K, used 9449K [0x00000000d8380000, 0x00000000e1080000, 0x0000000100000000)
  eden space 61440K, 0% used [0x00000000d8380000,0x00000000d8380000,0x00000000dbf80000)
  from space 9728K, 97% used [0x00000000dbf80000,0x00000000dc8ba760,0x00000000dc900000)
  to   space 10752K, 0% used [0x00000000e0600000,0x00000000e0600000,0x00000000e1080000)
 ParOldGen       total 81920K, used 10546K [0x0000000088a00000, 0x000000008da00000, 0x00000000d8380000)
  object space 81920K, 12% used [0x0000000088a00000,0x000000008944cb08,0x000000008da00000)
 Metaspace       used 20477K, capacity 21058K, committed 21296K, reserved 1069056K
  class space    used 2408K, capacity 2567K, committed 2688K, reserved 1048576K
Event: 19.862 GC heap after
Heap after GC invocations=8 (full 1):
 PSYoungGen      total 71168K, used 0K [0x00000000d8380000, 0x00000000e1080000, 0x0000000100000000)
  eden space 61440K, 0% used [0x00000000d8380000,0x00000000d8380000,0x00000000dbf80000)
  from space 9728K, 0% used [0x00000000dbf80000,0x00000000dbf80000,0x00000000dc900000)
  to   space 10752K, 0% used [0x00000000e0600000,0x00000000e0600000,0x00000000e1080000)
 ParOldGen       total 61440K, used 14014K [0x0000000088a00000, 0x000000008c600000, 0x00000000d8380000)
  object space 61440K, 22% used [0x0000000088a00000,0x00000000897af908,0x000000008c600000)
 Metaspace       used 20477K, capacity 21058K, committed 21296K, reserved 1069056K
  class space    used 2408K, capacity 2567K, committed 2688K, reserved 1048576K
}

Deoptimization events (10 events):
Event: 20.021 Thread 0x00000000023e8000 Uncommon trap: reason=unstable_if action=reinterpret pc=0x0000000003304c98 method=java.lang.reflect.Method.isDefault()Z @ 19
Event: 20.083 Thread 0x00000000023e8000 Uncommon trap: reason=unstable_if action=reinterpret pc=0x0000000003355fe4 method=com.sun.org.apache.xerces.internal.impl.XMLEntityScanner.checkBeforeLoad(Lcom/sun/xml/internal/stream/Entity$ScannedEntity;II)I @ 18
Event: 20.123 Thread 0x00000000023e8000 Uncommon trap: reason=unstable_if action=reinterpret pc=0x0000000003370d4c method=com.sun.org.apache.xerces.internal.impl.XMLEntityScanner.scanLiteral(ILcom/sun/org/apache/xerces/internal/xni/XMLString;Z)I @ 570
Event: 20.266 Thread 0x00000000023e8000 Uncommon trap: reason=unstable_if action=reinterpret pc=0x0000000003372224 method=com.sun.org.apache.xerces.internal.impl.XMLEntityScanner.skipSpaces()Z @ 14
Event: 20.429 Thread 0x00000000023e8000 Uncommon trap: reason=unstable_if action=reinterpret pc=0x000000000293bf7c method=java.lang.CharacterData.of(I)Ljava/lang/CharacterData; @ 4
Event: 20.493 Thread 0x00000000023e8000 Uncommon trap: reason=bimorphic action=maybe_recompile pc=0x0000000003334d48 method=java.util.Hashtable.get(Ljava/lang/Object;)Ljava/lang/Object; @ 6
Event: 20.500 Thread 0x00000000023e8000 Uncommon trap: reason=bimorphic action=maybe_recompile pc=0x0000000003334d48 method=java.util.Hashtable.get(Ljava/lang/Object;)Ljava/lang/Object; @ 6
Event: 20.500 Thread 0x00000000023e8000 Uncommon trap: reason=bimorphic action=maybe_recompile pc=0x0000000003334d48 method=java.util.Hashtable.get(Ljava/lang/Object;)Ljava/lang/Object; @ 6
Event: 20.519 Thread 0x00000000023e8000 Uncommon trap: reason=unstable_if action=reinterpret pc=0x0000000003255f94 method=java.lang.CharacterDataLatin1.digit(II)I @ 60
Event: 20.520 Thread 0x00000000023e8000 Uncommon trap: reason=unstable_if action=reinterpret pc=0x00000000032fe4e0 method=java.net.URI.match(CJJ)Z @ 45

Internal exceptions (10 events):
Event: 4.899 Thread 0x00000000023e8000 Exception <a 'java/lang/NullPointerException'> (0x00000000d930f808) thrown at [C:\re\workspace\8-2-build-windows-amd64-cygwin\jdk8u111\7883\hotspot\src\share\vm\interpreter\linkResolver.cpp, line 1178]
Event: 4.899 Thread 0x00000000023e8000 Exception <a 'java/lang/NullPointerException'> (0x00000000d930fa20) thrown at [C:\re\workspace\8-2-build-windows-amd64-cygwin\jdk8u111\7883\hotspot\src\share\vm\interpreter\linkResolver.cpp, line 1178]
Event: 4.899 Thread 0x00000000023e8000 Exception <a 'java/lang/NullPointerException'> (0x00000000d930fc38) thrown at [C:\re\workspace\8-2-build-windows-amd64-cygwin\jdk8u111\7883\hotspot\src\share\vm\interpreter\linkResolver.cpp, line 1178]
Event: 6.365 Thread 0x00000000023e8000 Implicit null exception at 0x0000000002b9a5c5 to 0x0000000002b9a791
Event: 6.365 Thread 0x00000000023e8000 Implicit null exception at 0x0000000002b9d0ef to 0x0000000002b9d155
Event: 6.370 Thread 0x00000000023e8000 Implicit null exception at 0x0000000002b8322b to 0x0000000002b838c1
Event: 6.461 Thread 0x00000000023e8000 Implicit null exception at 0x0000000002e8e704 to 0x0000000002e8f8c9
Event: 11.689 Thread 0x00000000023e8000 Implicit null exception at 0x0000000002e8881b to 0x0000000002e8900d
Event: 18.342 Thread 0x00000000023e8000 Exception <a 'java/io/FileNotFoundException'> (0x00000000da3a35d8) thrown at [C:\re\workspace\8-2-build-windows-amd64-cygwin\jdk8u111\7883\hotspot\src\share\vm\prims\jni.cpp, line 709]
Event: 20.524 Thread 0x00000000023e8000 Implicit null exception at 0x000000000338b0c7 to 0x0000000000000000

Events (10 events):
Event: 20.517 loading class com/sun/org/apache/xerces/internal/util/URI
Event: 20.518 loading class com/sun/org/apache/xerces/internal/util/URI done
Event: 20.519 Thread 0x00000000023e8000 Uncommon trap: trap_request=0xffffff65 fr.pc=0x0000000003255f94
Event: 20.519 Thread 0x00000000023e8000 DEOPT PACKING pc=0x0000000003255f94 sp=0x00000000027ed500
Event: 20.519 Thread 0x00000000023e8000 DEOPT UNPACKING pc=0x000000000283582a sp=0x00000000027ed470 mode 2
Event: 20.520 loading class com/sun/org/apache/xerces/internal/util/URI$MalformedURIException
Event: 20.520 loading class com/sun/org/apache/xerces/internal/util/URI$MalformedURIException done
Event: 20.520 Thread 0x00000000023e8000 Uncommon trap: trap_request=0xffffff65 fr.pc=0x00000000032fe4e0
Event: 20.520 Thread 0x00000000023e8000 DEOPT PACKING pc=0x00000000032fe4e0 sp=0x00000000027ed660
Event: 20.520 Thread 0x00000000023e8000 DEOPT UNPACKING pc=0x000000000283582a sp=0x00000000027ed5f0 mode 2


Dynamic libraries:
0x000000013fc30000 - 0x000000013fc67000 	E:\Program Files\Java\jdk1.8.0_111\bin\javaw.exe
0x0000000077b20000 - 0x0000000077cbf000 	C:\Windows\SYSTEM32\ntdll.dll
0x00000000777c0000 - 0x00000000778df000 	C:\Windows\system32\kernel32.dll
0x000007fefdac0000 - 0x000007fefdb2a000 	C:\Windows\system32\KERNELBASE.dll
0x000007feff470000 - 0x000007feff54b000 	C:\Windows\system32\ADVAPI32.dll
0x000007feff6d0000 - 0x000007feff76f000 	C:\Windows\system32\msvcrt.dll
0x000007fefed60000 - 0x000007fefed7f000 	C:\Windows\SYSTEM32\sechost.dll
0x000007feffb00000 - 0x000007feffc2d000 	C:\Windows\system32\RPCRT4.dll
0x00000000778e0000 - 0x00000000779da000 	C:\Windows\system32\USER32.dll
0x000007fefecf0000 - 0x000007fefed57000 	C:\Windows\system32\GDI32.dll
0x000007feff6a0000 - 0x000007feff6ae000 	C:\Windows\system32\LPK.dll
0x000007fefee20000 - 0x000007fefeeeb000 	C:\Windows\system32\USP10.dll
0x000007fefc2b0000 - 0x000007fefc4a4000 	C:\Windows\WinSxS\amd64_microsoft.windows.common-controls_6595b64144ccf1df_6.0.7601.18837_none_fa3b1e3d17594757\COMCTL32.dll
0x000007fefea40000 - 0x000007fefeab1000 	C:\Windows\system32\SHLWAPI.dll
0x000007fefea10000 - 0x000007fefea3e000 	C:\Windows\system32\IMM32.DLL
0x000007feff9f0000 - 0x000007feffaf9000 	C:\Windows\system32\MSCTF.dll
0x00000000590b0000 - 0x0000000059182000 	E:\Program Files\Java\jdk1.8.0_111\jre\bin\msvcr100.dll
0x0000000061020000 - 0x00000000618ba000 	E:\Program Files\Java\jdk1.8.0_111\jre\bin\server\jvm.dll
0x000007fef1280000 - 0x000007fef1289000 	C:\Windows\system32\WSOCK32.dll
0x000007feff640000 - 0x000007feff68d000 	C:\Windows\system32\WS2_32.dll
0x000007feff690000 - 0x000007feff698000 	C:\Windows\system32\NSI.dll
0x000007fefda30000 - 0x000007fefda6b000 	C:\Windows\system32\WINMM.dll
0x000007fefc7b0000 - 0x000007fefc7bc000 	C:\Windows\system32\VERSION.dll
0x0000000077cd0000 - 0x0000000077cd7000 	C:\Windows\system32\PSAPI.DLL
0x0000000062150000 - 0x000000006215f000 	E:\Program Files\Java\jdk1.8.0_111\jre\bin\verify.dll
0x0000000062120000 - 0x0000000062149000 	E:\Program Files\Java\jdk1.8.0_111\jre\bin\java.dll
0x0000000062100000 - 0x0000000062116000 	E:\Program Files\Java\jdk1.8.0_111\jre\bin\zip.dll
0x000007fefdb60000 - 0x000007fefe8ea000 	C:\Windows\system32\SHELL32.dll
0x000007feff7f0000 - 0x000007feff9ef000 	C:\Windows\system32\ole32.dll
0x000007fefd720000 - 0x000007fefd72f000 	C:\Windows\system32\profapi.dll
0x00000000620e0000 - 0x00000000620fa000 	E:\Program Files\Java\jdk1.8.0_111\jre\bin\net.dll
0x000007fefce60000 - 0x000007fefceb5000 	C:\Windows\system32\mswsock.dll
0x000007fefce50000 - 0x000007fefce57000 	C:\Windows\System32\wship6.dll
0x00000000620c0000 - 0x00000000620d1000 	E:\Program Files\Java\jdk1.8.0_111\jre\bin\nio.dll
0x000007fefcec0000 - 0x000007fefced8000 	C:\Windows\system32\CRYPTSP.dll
0x000007fefcbc0000 - 0x000007fefcc07000 	C:\Windows\system32\rsaenh.dll
0x000007fefd870000 - 0x000007fefd88e000 	C:\Windows\system32\USERENV.dll
0x000007fefd5c0000 - 0x000007fefd5cf000 	C:\Windows\system32\CRYPTBASE.dll
0x000007fefb730000 - 0x000007fefb757000 	C:\Windows\system32\IPHLPAPI.DLL
0x000007fefb720000 - 0x000007fefb72b000 	C:\Windows\system32\WINNSI.DLL
0x000007fefa960000 - 0x000007fefa978000 	C:\Windows\system32\dhcpcsvc.DLL
0x000007fefa940000 - 0x000007fefa951000 	C:\Windows\system32\dhcpcsvc6.DLL
0x000000005e3d0000 - 0x000000005e3dd000 	E:\Program Files\Java\jdk1.8.0_111\jre\bin\management.dll
0x000007fefb5f0000 - 0x000007fefb715000 	C:\Windows\system32\dbghelp.dll

VM Arguments:
jvm_args: -Dmaven.home=EMBEDDED -Dclassworlds.conf=D:\javaProject\Maven\taotao\tmall\.metadata\.plugins\org.eclipse.m2e.launching\launches\m2conf806236870074265219.tmp -Dmaven.multiModuleProjectDirectory=D:\javaProject\Maven\taotao\tmall\taotao-manager -Dfile.encoding=GBK 
java_command: org.codehaus.plexus.classworlds.launcher.Launcher -B clean tomcat7:run
java_class_path (initial): /D:/soft/eclipse-jee-mars-2-win32-x86_64/eclipse/plugins/org.eclipse.m2e.maven.runtime_1.6.2.20150902-0001/jars/plexus-classworlds-2.5.2.jar
Launcher Type: SUN_STANDARD

Environment Variables:
JAVA_HOME=E:\Program Files\Java\jdk1.8.0_111
CLASSPATH=D:\Program Files\apache-jmeter-5.0\apache-jmeter-5.0\lib\ext\ApacheJMeter_core.jar;D:\Program Files\apache-jmeter-5.0\apache-jmeter-5.0\lib\jorphan.jar;D:\Program Files\apache-jmeter-5.0\apache-jmeter-5.0\lib/logkit-2.0.jar; 
PATH=E:/Program Files/Java/jdk1.8.0_111/bin/../jre/bin/server;E:/Program Files/Java/jdk1.8.0_111/bin/../jre/bin;E:/Program Files/Java/jdk1.8.0_111/bin/../jre/lib/amd64;E:\Program Files\Java\jdk1.8.0_111\bin;C:\ProgramData\Oracle\Java\javapath;C:\Windows\system32;C:\Windows;C:\Windows\System32\Wbem;C:\Windows\System32\WindowsPowerShell\v1.0\;C:\Program Files (x86)\QuickTime\QTSystem\;D:\apache\apache-maven-3.2.5\bin\;D:\Program Files\Git\cmd;D:\Program Files\nodejs\;C:\Users\Administrator\AppData\Roaming\npm;D:\Program Files\Microsoft VS Code\bin;D:\soft\eclipse-jee-mars-2-win32-x86_64\eclipse;
USERNAME=Administrator
OS=Windows_NT
PROCESSOR_IDENTIFIER=AMD64 Family 22 Model 0 Stepping 1, AuthenticAMD



---------------  S Y S T E M  ---------------

OS: Windows 7 , 64 bit Build 7601 (6.1.7601.24291)

CPU:total 4 (4 cores per cpu, 1 threads per core) family 22 model 0 stepping 1, cmov, cx8, fxsr, mmx, sse, sse2, sse3, ssse3, sse4.1, sse4.2, popcnt, avx, aes, clmul, mmxext, 3dnowpref, lzcnt, sse4a, tsc, tscinvbit, tscinv, bmi1

Memory: 4k page, physical 7819636k(4180264k free), swap 15637368k(10345152k free)

vm_info: Java HotSpot(TM) 64-Bit Server VM (25.111-b14) for windows-amd64 JRE (1.8.0_111-b14), built on Sep 22 2016 19:24:05 by "java_re" with MS VC++ 10.0 (VS2010)

time: Tue Mar 12 14:55:51 2019
elapsed time: 20 seconds (0d 0h 0m 20s)

